<?xml version="1.0" encoding="UTF-8"?>
<!-- Generated by org.testng.reporters.JUnitXMLReporter -->
<testsuite ignored="0" hostname="LAPTOP-M5PKHKMD" failures="4" tests="5" name="Test" time="20.191" errors="0" timestamp="2024-09-28T15:13:47 IST">
  <testcase classname="com.automationexersize.RegisterUserTest_Dataprovider" name="signuppage" time="8.44"/>
  <testcase classname="com.automationexersize.RegisterUserTest_Dataprovider" name="signuppage" time="0.015">
    <failure type="java.lang.AssertionError" message="expected [Automation Exercise] but found [Automation Exercise - Signup]">
      <![CDATA[java.lang.AssertionError: expected [Automation Exercise] but found [Automation Exercise - Signup]
at com.utlity.commonmethods.verfiypagetitle(commonmethods.java:53)
at com.automationexersize.RegisterUserTest_Dataprovider.signuppage(RegisterUserTest_Dataprovider.java:25)
at java.base/java.util.ArrayList.forEach(ArrayList.java:1597)
... Removed 31 stack frames]]>
    </failure>
  </testcase> <!-- signuppage -->
  <testcase classname="com.automationexersize.RegisterUserTest_Dataprovider" name="signuppage" time="0.009">
    <failure type="java.lang.AssertionError" message="expected [Automation Exercise] but found [Automation Exercise - Signup]">
      <![CDATA[java.lang.AssertionError: expected [Automation Exercise] but found [Automation Exercise - Signup]
at com.utlity.commonmethods.verfiypagetitle(commonmethods.java:53)
at com.automationexersize.RegisterUserTest_Dataprovider.signuppage(RegisterUserTest_Dataprovider.java:25)
at java.base/java.util.ArrayList.forEach(ArrayList.java:1597)
... Removed 31 stack frames]]>
    </failure>
  </testcase> <!-- signuppage -->
  <testcase classname="com.automationexersize.RegisterUserTest_Dataprovider" name="signuppage" time="0.009">
    <failure type="java.lang.AssertionError" message="expected [Automation Exercise] but found [Automation Exercise - Signup]">
      <![CDATA[java.lang.AssertionError: expected [Automation Exercise] but found [Automation Exercise - Signup]
at com.utlity.commonmethods.verfiypagetitle(commonmethods.java:53)
at com.automationexersize.RegisterUserTest_Dataprovider.signuppage(RegisterUserTest_Dataprovider.java:25)
at java.base/java.util.ArrayList.forEach(ArrayList.java:1597)
... Removed 31 stack frames]]>
    </failure>
  </testcase> <!-- signuppage -->
  <testcase classname="com.automationexersize.RegisterUserTest_Dataprovider" name="signuppage" time="0.009">
    <failure type="java.lang.AssertionError" message="expected [Automation Exercise] but found [Automation Exercise - Signup]">
      <![CDATA[java.lang.AssertionError: expected [Automation Exercise] but found [Automation Exercise - Signup]
at com.utlity.commonmethods.verfiypagetitle(commonmethods.java:53)
at com.automationexersize.RegisterUserTest_Dataprovider.signuppage(RegisterUserTest_Dataprovider.java:25)
at java.base/java.util.ArrayList.forEach(ArrayList.java:1597)
... Removed 31 stack frames]]>
    </failure>
  </testcase> <!-- signuppage -->
</testsuite> <!-- Test -->
